This is pdfTeX, Version 3.14159265-2.6-1.40.17 (TeX Live 2016) (preloaded format=pdflatex 2017.3.14)  19 AUG 2017 23:02
entering extended mode
 restricted \write18 enabled.
 %&-line parsing enabled.
**book
(./book.tex
LaTeX2e <2017/01/01> patch level 3
Babel <3.9r> and hyphenation patterns for 83 language(s) loaded.
(/usr/local/texlive/2016/texmf-dist/tex/latex/memoir/memoir.cls
Document Class: memoir 2016/05/16 v3.7f configurable book, report, article docu
ment class
\onelineskip=\skip41
\lxvchars=\skip42
\xlvchars=\skip43
\@memcnta=\count79
\c@@memmarkcntra=\count80
(/usr/local/texlive/2016/texmf-dist/tex/generic/oberdiek/ifpdf.sty
Package: ifpdf 2016/05/14 v3.1 Provides the ifpdf switch
)
(/usr/local/texlive/2016/texmf-dist/tex/latex/ifetex/ifetex.sty
Package: ifetex 2011/12/15 v1.2 ifetex

(/usr/local/texlive/2016/texmf-dist/tex/plain/ifetex/ifetex.tex))
(/usr/local/texlive/2016/texmf-dist/tex/generic/ifxetex/ifxetex.sty
Package: ifxetex 2010/09/12 v0.6 Provides ifxetex conditional
)
(/usr/local/texlive/2016/texmf-dist/tex/generic/oberdiek/ifluatex.sty
Package: ifluatex 2016/05/16 v1.4 Provides the ifluatex switch (HO)
Package ifluatex Info: LuaTeX not detected.
)
\stockheight=\skip44
\stockwidth=\skip45
\trimtop=\skip46
\trimedge=\skip47

(/usr/local/texlive/2016/texmf-dist/tex/latex/memoir/mem10.clo
File: mem10.clo 2008/01/30 v0.3 memoir class 10pt size option
)
\binding=\skip48
\spinemargin=\skip49
\foremargin=\skip50
\uppermargin=\skip51
\lowermargin=\skip52
\headdrop=\skip53
\normalrulethickness=\skip54
\mem@maxheadheight=\skip55
\mem@maxfootheight=\skip56
\headwidth=\skip57
\c@storedpagenumber=\count81
\memPD=\dimen102
\m@mabparskip=\skip58
\thanksmarkwidth=\skip59
\thanksmarksep=\skip60
\droptitle=\skip61
\c@book=\count82
\c@part=\count83
\c@chapter=\count84
\c@section=\count85
\c@subsection=\count86
\c@subsubsection=\count87
\c@paragraph=\count88
\c@subparagraph=\count89
\beforechapskip=\skip62
\midchapskip=\skip63
\afterchapskip=\skip64
\chapindent=\skip65
\bottomsectionskip=\skip66
\secindent=\skip67
\beforesecskip=\skip68
\aftersecskip=\skip69
\subsecindent=\skip70
\beforesubsecskip=\skip71
\aftersubsecskip=\skip72
\subsubsecindent=\skip73
\beforesubsubsecskip=\skip74
\aftersubsubsecskip=\skip75
\paraindent=\skip76
\beforeparaskip=\skip77
\afterparaskip=\skip78
\subparaindent=\skip79
\beforesubparaskip=\skip80
\aftersubparaskip=\skip81
\pfbreakskip=\skip82
\c@@ppsavesec=\count90
\c@@ppsaveapp=\count91
\ragrparindent=\dimen103
\everylistparindent=\dimen104
\parsepi=\skip83
\topsepi=\skip84
\itemsepi=\skip85
\parsepii=\skip86
\topsepii=\skip87
\topsepiii=\skip88
\itemsepii=\skip89
\itemsepiii=\skip90
\partopsepii=\skip91
\partopsepiii=\skip92
\m@msavetopsep=\skip93
\m@msavepartopsep=\skip94
\@enLab=\toks14
\abstitleskip=\skip95
\absleftindent=\skip96
\abs@leftindent=\dimen105
\absrightindent=\skip97
\absparindent=\skip98
\absparsep=\skip99
\c@vslineno=\count92
\c@poemline=\count93
\c@modulo@vs=\count94
\c@memfvsline=\count95
\vleftskip=\skip100
\vrightskip=\skip101
\stanzaskip=\skip102
\versewidth=\skip103
\vgap=\skip104
\vindent=\skip105
\vleftmargin=\dimen106
\c@verse=\count96
\c@chrsinstr=\count97
\beforepoemtitleskip=\skip106
\afterpoemtitleskip=\skip107
\c@poem=\count98
\beforePoemTitleskip=\skip108
\midPoemTitleskip=\skip109
\afterPoemTitleskip=\skip110
\col@sep=\dimen107
\extrarowheight=\dimen108
\NC@list=\toks15
\extratabsurround=\skip111
\backup@length=\skip112
\TX@col@width=\dimen109
\TX@old@table=\dimen110
\TX@old@col=\dimen111
\TX@target=\dimen112
\TX@delta=\dimen113
\TX@cols=\count99
\TX@ftn=\toks16
\heavyrulewidth=\dimen114
\lightrulewidth=\dimen115
\cmidrulewidth=\dimen116
\belowrulesep=\dimen117
\belowbottomsep=\dimen118
\aboverulesep=\dimen119
\abovetopsep=\dimen120
\cmidrulesep=\dimen121
\cmidrulekern=\dimen122
\defaultaddspace=\dimen123
\@cmidla=\count100
\@cmidlb=\count101
\@aboverulesep=\dimen124
\@belowrulesep=\dimen125
\@thisruleclass=\count102
\@lastruleclass=\count103
\@thisrulewidth=\dimen126
\ctableftskip=\skip113
\ctabrightskip=\skip114
\abovecolumnspenalty=\count104
\@linestogo=\count105
\@cellstogo=\count106
\@cellsincolumn=\count107
\crtok=\toks17
\@mincolumnwidth=\dimen127
\c@newflo@tctr=\count108
\mem@margin@floatbox=\box26
\@contcwidth=\skip115
\@contindw=\skip116
\abovecaptionskip=\skip117
\belowcaptionskip=\skip118
\subfloattopskip=\skip119
\subfloatcapskip=\skip120
\subfloatcaptopadj=\skip121
\subfloatbottomskip=\skip122
\subfloatlabelskip=\skip123
\subfloatcapmargin=\dimen128
\c@@contsubnum=\count109
\m@mscap@capbox=\box27
\m@mscap@fbox=\box28
\sidecapsep=\dimen129
\sidecapwidth=\dimen130
\m@m@tempdima=\dimen131
\m@mscapraise=\dimen132
\sidecapraise=\dimen133
\m@mscapmainwidth=\dimen134
\m@mscaplkern=\dimen135
\beforeepigraphskip=\skip124
\afterepigraphskip=\skip125
\epigraphwidth=\skip126
\epigraphrule=\skip127
LaTeX Info: Redefining \em on input line 7551.
LaTeX Info: Redefining \emph on input line 7559.
\tocentryskip=\skip128
\tocbaseline=\skip129
\cftparskip=\skip130
\cftbeforebookskip=\skip131
\cftbookindent=\dimen136
\cftbooknumwidth=\dimen137
\cftbeforepartskip=\skip132
\cftpartindent=\skip133
\cftpartnumwidth=\skip134
\cftbeforechapterskip=\skip135
\cftchapterindent=\skip136
\cftchapternumwidth=\skip137
\cftbeforesectionskip=\skip138
\cftsectionindent=\skip139
\cftsectionnumwidth=\skip140
\cftbeforesubsectionskip=\skip141
\cftsubsectionindent=\skip142
\cftsubsectionnumwidth=\skip143
\cftbeforesubsubsectionskip=\skip144
\cftsubsubsectionindent=\skip145
\cftsubsubsectionnumwidth=\skip146
\cftbeforeparagraphskip=\skip147
\cftparagraphindent=\skip148
\cftparagraphnumwidth=\skip149
\cftbeforesubparagraphskip=\skip150
\cftsubparagraphindent=\skip151
\cftsubparagraphnumwidth=\skip152
\prechapterprecisshift=\dimen138
\c@maxsecnumdepth=\count110
\bibindent=\dimen139
\bibitemsep=\skip153
\indexcolsep=\skip154
\indexrule=\skip155
\indexmarkstyle=\toks18
\@indexbox=\insert199
\glossarycolsep=\dimen140
\glossaryrule=\dimen141
\sideparvshift=\skip156
\sideins=\insert198
\sidebartopsep=\skip157
\sidebarhsep=\skip158
\sidebarvsep=\skip159
\sidebarwidth=\skip160
\footmarkwidth=\skip161
\footmarksep=\skip162
\footparindent=\skip163
\footinsdim=\skip164
\footinsv@r=\insert197
\@mpfootinsv@r=\insert196
\m@m@k=\count111
\m@m@h=\dimen142
\m@mipn@skip=\skip165
\sidefootins=\insert195
\sidefootadjust=\skip166
\sidefootheight=\skip167
\sidefoothsep=\skip168
\sidefootvsep=\skip169
\sidefootwidth=\skip170
\m@mdownsf=\skip171
\c@sidefootnote=\count112
\sidefootmarkwidth=\skip172
\sidefootmarksep=\skip173
\sidefootparindent=\skip174
\c@pagenote=\count113
\c@pagenoteshadow=\count114
\mem@pn@lastkern=\skip175
\every@verbatim=\toks19
\afterevery@verbatim=\toks20
\verbatim@line=\toks21
\tab@position=\count115
\verbatim@in@stream=\read1
\verbatimindent=\skip176
\verbatim@out=\write3
\bvboxsep=\skip177
\c@memfbvline=\count116
\c@bvlinectr=\count117
\bvnumlength=\skip178
\fb@frw=\dimen143
\fb@frh=\dimen144
\FrameRule=\dimen145
\FrameSep=\dimen146
\c@cp@cntr=\count118
LaTeX Info: Redefining \: on input line 12068.
LaTeX Info: Redefining \! on input line 12070.
\c@ism@mctr=\count119
\c@xsm@mctr=\count120
\c@csm@mctr=\count121
\c@ksm@mctr=\count122
\c@xksm@mctr=\count123
\c@cksm@mctr=\count124
\c@msm@mctr=\count125
\c@xmsm@mctr=\count126
\c@cmsm@mctr=\count127
\c@bsm@mctr=\count128
\c@workm@mctr=\count129
\c@sheetsequence=\count130
\c@lastsheet=\count131
\c@lastpage=\count132
\c@figure=\count133
\c@lofdepth=\count134
\cftbeforefigureskip=\skip179
\cftfigureindent=\skip180
\cftfigurenumwidth=\skip181
\c@table=\count135
\c@lotdepth=\count136
\cftbeforetableskip=\skip182
\cfttableindent=\skip183
\cfttablenumwidth=\skip184
Package abstract [2008/07/23] emulated by memoir.
Package appendix [2008/07/23] emulated by memoir.
Package array [2008/09/09] emulated by memoir.
Package booktabs [2016/05/16] emulated by memoir.
Package ccaption [2008/07/23] emulated by memoir.
Package changepage [2008/07/23] emulated by memoir.
Package chngcntr [2008/07/23] emulated by memoir.
Package chngpage [2008/07/23] emulated by memoir.
Package crop emulated by memoir.
Package dcolumn [2008/07/23] emulated by memoir.
Package delarray [2008/07/23] emulated by memoir.
Package enumerate [2008/07/23] emulated by memoir.
Package epigraph [2008/07/23] emulated by memoir.
Package ifmtarg [2008/07/23] emulated by memoir.
Package index [2008/07/23] emulated by memoir.
Package makeidx [2008/07/23] emulated by memoir.
Package moreverb [2008/07/23] emulated by memoir.
Package mparhack [2008/07/23] emulated by memoir.
Package needspace [2008/07/23] emulated by memoir.
Package newfile [2008/07/23] emulated by memoir.
Package nextpage [2008/07/23] emulated by memoir.
Package pagenote [2008/07/23] emulated by memoir.
Package parskip [2008/07/23] emulated by memoir.
Package patchcmd [2008/07/23] emulated by memoir.
Package setspace [2008/07/23] emulated by memoir.
Package shortvrb [2008/07/23] emulated by memoir.
Package showidx [2008/07/23] emulated by memoir.
Package tabularx [2008/07/23] emulated by memoir.
Package titleref [2008/07/23] emulated by memoir.
Package titling [2008/07/23] emulated by memoir.
Package tocbibind [2008/07/23] emulated by memoir.
Package tocloft [2008/07/23] emulated by memoir.
Package tocvsec2 [2008/07/23] emulated by memoir.
Package verbatim [2008/07/23] emulated by memoir.
Package verse [2008/07/23] emulated by memoir.

(/usr/local/texlive/2016/texmf-dist/tex/latex/memoir/mempatch.sty
Package: mempatch 2009/07/24 v6.0f Patches for memoir class v1.6180339
))

******************************************************
Stock height and width: 680.02086pt by 458.08936pt
Top and edge trims: 7.11317pt and 7.11317pt
Page height and width: 665.79448pt by 443.86299pt
Text height and width: 580pt by 344pt
Spine and edge margins: 56.9055pt and 42.67912pt
Upper and lower margins: 42.67912pt and 43.11536pt
Headheight and headsep: 12pt and 18.06749pt
Footskip: 25.29494pt
Columnsep and columnseprule: 10pt and 0pt
Marginparsep and marginparwidth: 7pt and 28.67912pt
Sidecapsep and sidecapwidth: 7pt and 128pt
Sidebarhsep and sidebarwidth: 7pt and 128pt
Sidebarvsep and sidebartopsep: 12pt and 0pt
Sidebarheight: 548.39996pt
Sidefoothsep and sidefootwidth: 7pt and 128pt
Sidefootvsep and sidefootheight: 12pt and 548.39996pt
******************************************************

(/usr/local/texlive/2016/texmf-dist/tex/latex/base/fix-cm.sty
Package: fix-cm 2015/01/14 v1.1t fixes to LaTeX

(/usr/local/texlive/2016/texmf-dist/tex/latex/base/ts1enc.def
File: ts1enc.def 2001/06/05 v3.0e (jk/car/fm) Standard LaTeX file
))
(/usr/local/texlive/2016/texmf-dist/tex/latex/l3packages/xparse/xparse.sty
(/usr/local/texlive/2016/texmf-dist/tex/latex/l3kernel/expl3.sty
Package: expl3 2017/03/11 v6988 L3 programming layer (loader) 

(/usr/local/texlive/2016/texmf-dist/tex/latex/l3kernel/expl3-code.tex
Package: expl3 2017/03/11 v6988 L3 programming layer (code)
L3 Module: l3bootstrap 2016/12/28 v6805 L3 Bootstrap code
L3 Module: l3names 2017/02/19 v6962 L3 Namespace for primitives
L3 Module: l3basics 2017/02/14 v6929 L3 Basic definitions
L3 Module: l3expan 2017/02/20 v6967 L3 Argument expansion
L3 Module: l3tl 2017/02/20 v6967 L3 Token lists
L3 Module: l3str 2017/02/20 v6967 L3 Strings
L3 Module: l3seq 2017/02/20 v6967 L3 Sequences and stacks
L3 Module: l3int 2017/02/18 v6949 L3 Integers
\c_max_int=\count137
\l_tmpa_int=\count138
\l_tmpb_int=\count139
\g_tmpa_int=\count140
\g_tmpb_int=\count141
L3 Module: l3flag 2017/02/20 v6969 L3 Flags
L3 Module: l3quark 2017/02/17 v6947 L3 Quarks
L3 Module: l3prg 2017/02/12 v6906 L3 Control structures
\g__prg_map_int=\count142
L3 Module: l3clist 2017/02/20 v6967 L3 Comma separated lists
L3 Module: l3token 2017/02/20 v6967 L3 Experimental token manipulation
L3 Module: l3prop 2017/02/12 v6906 L3 Property lists
L3 Module: l3msg 2017/02/20 v6966 L3 Messages
L3 Module: l3file 2017/02/20 v6964 L3 File and I/O operations
\c_log_iow=\count143
\l_iow_line_count_int=\count144
\l__iow_line_target_int=\count145
\l__iow_one_indent_int=\count146
\l__iow_indent_int=\count147
L3 Module: l3skip 2017/02/20 v6968 L3 Dimensions and skips
\c_zero_dim=\dimen147
\c_max_dim=\dimen148
\l_tmpa_dim=\dimen149
\l_tmpb_dim=\dimen150
\g_tmpa_dim=\dimen151
\g_tmpb_dim=\dimen152
\c_zero_skip=\skip185
\c_max_skip=\skip186
\l_tmpa_skip=\skip187
\l_tmpb_skip=\skip188
\g_tmpa_skip=\skip189
\g_tmpb_skip=\skip190
\c_zero_muskip=\muskip10
\c_max_muskip=\muskip11
\l_tmpa_muskip=\muskip12
\l_tmpb_muskip=\muskip13
\g_tmpa_muskip=\muskip14
\g_tmpb_muskip=\muskip15
L3 Module: l3keys 2017/02/12 v6906 L3 Key-value interfaces
\l_keys_choice_int=\count148
L3 Module: l3fp 2017/03/11 v6987 L3 Floating points
\c__fp_leading_shift_int=\count149
\c__fp_middle_shift_int=\count150
\c__fp_trailing_shift_int=\count151
\c__fp_big_leading_shift_int=\count152
\c__fp_big_middle_shift_int=\count153
\c__fp_big_trailing_shift_int=\count154
\c__fp_Bigg_leading_shift_int=\count155
\c__fp_Bigg_middle_shift_int=\count156
\c__fp_Bigg_trailing_shift_int=\count157
\c__fp_rand_size_int=\count158
\c__fp_rand_four_int=\count159
\c__fp_rand_eight_int=\count160
L3 Module: l3sort 2017/02/20 v6967 L3 Sorting functions
\l__sort_length_int=\count161
\l__sort_min_int=\count162
\l__sort_top_int=\count163
\l__sort_max_int=\count164
\l__sort_true_max_int=\count165
\l__sort_block_int=\count166
\l__sort_begin_int=\count167
\l__sort_end_int=\count168
\l__sort_A_int=\count169
\l__sort_B_int=\count170
\l__sort_C_int=\count171
L3 Module: l3box 2017/02/17 v6943 L3 Experimental boxes
\c_empty_box=\box29
\l_tmpa_box=\box30
\l_tmpb_box=\box31
\g_tmpa_box=\box32
\g_tmpb_box=\box33
L3 Module: l3coffins 2017/02/12 v6906 L3 Coffin code layer
\l__coffin_internal_box=\box34
\l__coffin_internal_dim=\dimen153
\l__coffin_offset_x_dim=\dimen154
\l__coffin_offset_y_dim=\dimen155
\l__coffin_x_dim=\dimen156
\l__coffin_y_dim=\dimen157
\l__coffin_x_prime_dim=\dimen158
\l__coffin_y_prime_dim=\dimen159
\c_empty_coffin=\box35
\l__coffin_aligned_coffin=\box36
\l__coffin_aligned_internal_coffin=\box37
\l_tmpa_coffin=\box38
\l_tmpb_coffin=\box39
\l__coffin_display_coffin=\box40
\l__coffin_display_coord_coffin=\box41
\l__coffin_display_pole_coffin=\box42
\l__coffin_display_offset_dim=\dimen160
\l__coffin_display_x_dim=\dimen161
\l__coffin_display_y_dim=\dimen162
L3 Module: l3color 2016/12/28 v6805 L3 Experimental color support
L3 Module: l3sys 2017/02/22 v6976 L3 Experimental system/runtime functions
L3 Module: l3deprecation 2017/02/20 v6966 L3 Deprecation errors
L3 Module: l3candidates 2017/02/20 v6967 L3 Experimental additions to l3kernel
\l__box_top_dim=\dimen163
\l__box_bottom_dim=\dimen164
\l__box_left_dim=\dimen165
\l__box_right_dim=\dimen166
\l__box_top_new_dim=\dimen167
\l__box_bottom_new_dim=\dimen168
\l__box_left_new_dim=\dimen169
\l__box_right_new_dim=\dimen170
\l__box_internal_box=\box43
\l__coffin_bounding_shift_dim=\dimen171
\l__coffin_left_corner_dim=\dimen172
\l__coffin_right_corner_dim=\dimen173
\l__coffin_bottom_corner_dim=\dimen174
\l__coffin_top_corner_dim=\dimen175
\l__coffin_scaled_total_height_dim=\dimen176
\l__coffin_scaled_width_dim=\dimen177
L3 Module: l3luatex 2017/02/18 v6953 L3 Experimental LuaTeX-specific functions
)
(/usr/local/texlive/2016/texmf-dist/tex/latex/l3kernel/l3pdfmode.def
File: l3pdfmode.def 2017/02/18 v6953 L3 Experimental driver: PDF mode
\l__driver_color_stack_int=\count172
\l__driver_tmp_box=\box44
))
Package: xparse 2017/03/11 v6988 L3 Experimental document command parser
\l__xparse_current_arg_int=\count173
\g__xparse_grabber_int=\count174
\l__xparse_m_args_int=\count175
\l__xparse_mandatory_args_int=\count176
\l__xparse_v_nesting_int=\count177
)
.................................................
. LaTeX info: "xparse/define-command"
. 
. Defining command \column with sig. 'mm' on line 90.
.................................................

(./book.aux)
\openout1 = `book.aux'.

LaTeX Font Info:    Checking defaults for OML/cmm/m/it on input line 99.
LaTeX Font Info:    ... okay on input line 99.
LaTeX Font Info:    Checking defaults for T1/cmr/m/n on input line 99.
LaTeX Font Info:    ... okay on input line 99.
LaTeX Font Info:    Checking defaults for OT1/cmr/m/n on input line 99.
LaTeX Font Info:    ... okay on input line 99.
LaTeX Font Info:    Checking defaults for OMS/cmsy/m/n on input line 99.
LaTeX Font Info:    ... okay on input line 99.
LaTeX Font Info:    Checking defaults for OMX/cmex/m/n on input line 99.
LaTeX Font Info:    ... okay on input line 99.
LaTeX Font Info:    Checking defaults for U/cmr/m/n on input line 99.
LaTeX Font Info:    ... okay on input line 99.
LaTeX Font Info:    Checking defaults for TS1/cmr/m/n on input line 99.
LaTeX Font Info:    ... okay on input line 99.
 (./book.toc
LaTeX Font Info:    External font `cmex10' loaded for size
(Font)              <7> on input line 1.
LaTeX Font Info:    External font `cmex10' loaded for size
(Font)              <5> on input line 1.
 [1

{/usr/local/texlive/2016/texmf-var/fonts/map/pdftex/updmap/pdftex.map}] [2]
Overfull \hbox (1.74986pt too wide) detected at line 94
 \OT1/cmr/bx/n/10 143
 []

[3] [4]
Overfull \hbox (1.74986pt too wide) detected at line 158
 \OT1/cmr/bx/n/10 222
 []

[5]
Overfull \hbox (1.74986pt too wide) detected at line 216
 \OT1/cmr/bx/n/10 293
 []

[6] [7]
Overfull \hbox (1.74986pt too wide) detected at line 277
 \OT1/cmr/bx/n/10 369
 []

[8] [9]
Overfull \hbox (1.74986pt too wide) detected at line 338
 \OT1/cmr/bx/n/10 445
 []

Missing character: There is no Â in font cmr10!
Missing character: There is no £ in font cmr10!
[10]
Overfull \hbox (1.74986pt too wide) detected at line 399
 \OT1/cmr/bx/n/10 522
 []

[11]) [12]
Underfull \vbox (badness 10000) has occurred while \output is active []

 [13

]
[14] [15] [16] [17] [18] [19] [20] [21] [22] [23] [24]
Underfull \vbox (badness 10000) has occurred while \output is active []

 [25]
[26] [27] [28]
Underfull \vbox (badness 10000) has occurred while \output is active []

 [29]
[30] [31] [32] [33]
Missing character: There is no Ã in font cmr10!
Missing character: There is no © in font cmr10!
Missing character: There is no Ã in font cmr10!
Missing character: There is no © in font cmr10!

Overfull \hbox (1.2229pt too wide) in paragraph at lines 257--258
[]\OT1/cmr/m/n/10 After Wash-ing-ton, we jour-neyed south through Vir-ginia, st
ay-ing at Williams-
 []

[34] [35]
Missing character: There is no Â in font cmr10!
Missing character: There is no £ in font cmr10!

Underfull \vbox (badness 1082) has occurred while \output is active []

 [36]
[37] [38] [39] [40] [41] [42] [43] [44] [45] [46] [47] [48] [49] [50] [51

]
[52] [53] [54] [55]
Overfull \hbox (3.61174pt too wide) in paragraph at lines 466--467
[]\OT1/cmr/m/n/10 The busi-ness even-tu-ally foundered, ow-ing farmer mem-bers 
mil-lions of pounds.
 []

[56] [57] [58]
Underfull \vbox (badness 2653) has occurred while \output is active []

 [59]
Missing character: There is no Â in font cmr10!
Missing character: There is no £ in font cmr10!

[60] [61] [62]
Underfull \vbox (badness 1082) has occurred while \output is active []

 [63]
Missing character: There is no Â in font cmr10!
Missing character: There is no £ in font cmr10!

[64] [65] [66] [67] [68] [69] [70]
Missing character: There is no Â in font cmr10!
Missing character: There is no £ in font cmr10!
 [71] [72] [73]
Underfull \vbox (badness 1082) has occurred while \output is active []

 [74]
[75] [76] [77]
Missing character: There is no Â in font cmr10!
Missing character: There is no £ in font cmr10!
 [78] [79] [80] [81] [82] [83] [84] [85] [86] [87] [88] [89]
[90] [91]
Missing character: There is no Â in font cmr10!
Missing character: There is no £ in font cmr10!
Missing character: There is no Â in font cmr10!
Missing character: There is no £ in font cmr10!
 [92] [93] [94] [95] [96] [97] [98]
Missing character: There is no Â in font cmr10!
Missing character: There is no £ in font cmr10!
Missing character: There is no Â in font cmr10!
Missing character: There is no £ in font cmr10!
 [99] [100] [101]
Underfull \vbox (badness 1082) has occurred while \output is active []

 [102]
[103] [104] [105] [106] [107] [108] [109] [110] [111] [112] [113] [114]
[115]
Missing character: There is no Â in font cmr10!
Missing character: There is no £ in font cmr10!
Missing character: There is no Â in font cmr10!
Missing character: There is no £ in font cmr10!
 [116] [117]
Underfull \vbox (badness 1082) has occurred while \output is active []

 [118]
[119] [120] [121] [122] [123] [124]
Underfull \vbox (badness 1082) has occurred while \output is active []

 [125]
[126] [127] [128] [129]
Underfull \vbox (badness 1082) has occurred while \output is active []

 [130]
[131] [132]
Underfull \vbox (badness 2653) has occurred while \output is active []

 [133]
[134] [135]
Missing character: There is no Â in font cmr10!
Missing character: There is no £ in font cmr10!
 [136] [137] [138] [139] [140]
Underfull \vbox (badness 2653) has occurred while \output is active []

 [141]
[142] [143] [144]
Underfull \vbox (badness 1502) has occurred while \output is active []

 [145

]
[146]
Underfull \vbox (badness 1082) has occurred while \output is active []

 [147]
[148] [149]
Missing character: There is no Â in font cmr10!
Missing character: There is no £ in font cmr10!
 [150] [151] [152] [153] [154] [155]
Underfull \vbox (badness 1082) has occurred while \output is active []

 [156]
[157] [158] [159] [160] [161] [162] [163]
Underfull \vbox (badness 1082) has occurred while \output is active []

 [164]
[165] [166] [167]
Underfull \vbox (badness 1082) has occurred while \output is active []

 [168]
[169] [170] [171] [172] [173] [174] [175] [176]
Missing character: There is no Â in font cmr10!
Missing character: There is no £ in font cmr10!
 [177] [178] [179] [180]
[181] [182] [183]
Underfull \vbox (badness 1082) has occurred while \output is active []

 [184]
[185] [186] [187] [188] [189] [190]
Missing character: There is no Â in font cmr10!
Missing character: There is no ­ in font cmr10!
 [191]
Underfull \vbox (badness 1082) has occurred while \output is active []

 [192]
Missing character: There is no Â in font cmr10!
Missing character: There is no £ in font cmr10!

[193] [194] [195] [196] [197] [198] [199] [200] [201] [202]
Missing character: There is no Â in font cmr10!
Missing character: There is no £ in font cmr10!
 [203] [204]
[205] [206] [207] [208] [209] [210] [211] [212]
Missing character: There is no Â in font cmr10!
Missing character: There is no £ in font cmr10!
 [213] [214] [215]
Missing character: There is no Â in font cmr10!
Missing character: There is no £ in font cmr10!
Missing character: There is no Â in font cmr10!
Missing character: There is no £ in font cmr10!
 [216]
[217] [218]
Underfull \vbox (badness 1082) has occurred while \output is active []

 [219]
[220] [221]
Missing character: There is no Ã in font cmr10!
Missing character: There is no © in font cmr10!
Missing character: There is no Â in font cmr10!
Missing character: There is no £ in font cmr10!
Missing character: There is no Â in font cmr10!
Missing character: There is no £ in font cmr10!
 [222] [223] [224

] [225] [226] [227] [228] [229]
Missing character: There is no Â in font cmr10!
Missing character: There is no £ in font cmr10!
 [230]
Missing character: There is no Â in font cmr10!
Missing character: There is no £ in font cmr10!
 [231]
[232] [233] [234]
Underfull \vbox (badness 1082) has occurred while \output is active []

 [235]
[236] [237]
Missing character: There is no Â in font cmr10!
Missing character: There is no £ in font cmr10!
Missing character: There is no Â in font cmr10!
Missing character: There is no £ in font cmr10!
Missing character: There is no Â in font cmr10!
Missing character: There is no £ in font cmr10!
 [238]
Missing character: There is no Â in font cmr10!
Missing character: There is no £ in font cmr10!
 [239]
Missing character: There is no Â in font cmr10!
Missing character: There is no £ in font cmr10!
 [240] [241]
Missing character: There is no Â in font cmr10!
Missing character: There is no £ in font cmr10!
Missing character: There is no Â in font cmr10!
Missing character: There is no £ in font cmr10!
 [242] [243] [244] [245]
Underfull \vbox (badness 1082) has occurred while \output is active []

 [246]
[247] [248] [249] [250] [251] [252]
Overfull \hbox (2.47163pt too wide) in paragraph at lines 2337--2338
[]\OT1/cmr/m/n/10 Already I see there are com-ments ap-pear-ing in the broad sh
eets that landown-
 []

[253]
Missing character: There is no Â in font cmr10!
Missing character: There is no £ in font cmr10!
 [254] [255] [256]
Missing character: There is no Â in font cmr10!
Missing character: There is no £ in font cmr10!
Missing character: There is no Â in font cmr10!
Missing character: There is no £ in font cmr10!
 [257] [258] [259] [260]
Missing character: There is no Â in font cmr10!
Missing character: There is no £ in font cmr10!
 [261] [262] [263] [264]
[265] [266] [267]
Missing character: There is no Â in font cmr10!
Missing character: There is no £ in font cmr10!
Missing character: There is no Â in font cmr10!
Missing character: There is no £ in font cmr10!
Missing character: There is no Â in font cmr10!
Missing character: There is no £ in font cmr10!
Missing character: There is no Â in font cmr10!
Missing character: There is no £ in font cmr10!
Missing character: There is no Â in font cmr10!
Missing character: There is no £ in font cmr10!
Missing character: There is no Â in font cmr10!
Missing character: There is no £ in font cmr10!
Missing character: There is no Â in font cmr10!
Missing character: There is no £ in font cmr10!
Missing character: There is no Â in font cmr10!
Missing character: There is no £ in font cmr10!
Missing character: There is no Â in font cmr10!
Missing character: There is no £ in font cmr10!
 [268]
Missing character: There is no Â in font cmr10!
Missing character: There is no £ in font cmr10!
Missing character: There is no Â in font cmr10!
Missing character: There is no £ in font cmr10!
Missing character: There is no Â in font cmr10!
Missing character: There is no £ in font cmr10!
Missing character: There is no Â in font cmr10!
Missing character: There is no £ in font cmr10!
Missing character: There is no Â in font cmr10!
Missing character: There is no £ in font cmr10!
Missing character: There is no Â in font cmr10!
Missing character: There is no £ in font cmr10!
Missing character: There is no Â in font cmr10!
Missing character: There is no £ in font cmr10!
 [269] [270] [271] [272] [273] [274] [275] [276]
[277] [278]
Missing character: There is no Â in font cmr10!
Missing character: There is no £ in font cmr10!
Missing character: There is no Â in font cmr10!
Missing character: There is no £ in font cmr10!
Missing character: There is no Â in font cmr10!
Missing character: There is no £ in font cmr10!
Missing character: There is no Â in font cmr10!
Missing character: There is no £ in font cmr10!
Missing character: There is no Â in font cmr10!
Missing character: There is no £ in font cmr10!
Missing character: There is no Â in font cmr10!
Missing character: There is no £ in font cmr10!
Missing character: There is no Â in font cmr10!
Missing character: There is no £ in font cmr10!
 [279]
Missing character: There is no Â in font cmr10!
Missing character: There is no £ in font cmr10!
Missing character: There is no Â in font cmr10!
Missing character: There is no £ in font cmr10!
Missing character: There is no Â in font cmr10!
Missing character: There is no £ in font cmr10!
Missing character: There is no Â in font cmr10!
Missing character: There is no £ in font cmr10!
 [280] [281] [282] [283]
Missing character: There is no Â in font cmr10!
Missing character: There is no £ in font cmr10!
 [284] [285] [286] [287] [288]
[289] [290] [291] [292] [293] [294] [295

]
Overfull \hbox (1.8618pt too wide) in paragraph at lines 2767--2768
\OT1/cmr/m/n/10 born piglets, fat-ten-ing on scraps for the fes-tive sea-son), 
poul-try, the odd moorhen
 []

[296]
Missing character: There is no Ã in font cmr10!
Missing character: There is no § in font cmr10!
 [297] [298] [299] [300] [301]
Underfull \vbox (badness 1082) has occurred while \output is active []

 [302]
[303] [304] [305]
Missing character: There is no â in font cmr10!
Missing character: There is no € in font cmr10!
Missing character: There is no ¦ in font cmr10!
Missing character: There is no â in font cmr10!
Missing character: There is no € in font cmr10!
Missing character: There is no ¦ in font cmr10!
 [306] [307] [308] [309] [310] [311] [312]
Underfull \vbox (badness 1082) has occurred while \output is active []

 [313]
[314] [315] [316] [317]
Overfull \hbox (7.13841pt too wide) in paragraph at lines 2997--2998
[]\OT1/cmr/m/n/10 A very good ex-am-ple of this is the cur-rent man-age-ment of
 farm-land hedgerows.
 []


Overfull \hbox (1.91718pt too wide) in paragraph at lines 3003--3004
[]\OT1/cmr/m/n/10 We are cur-rently halfway through a ten-year gov-ern-ment ste
w-ard-ship scheme,
 []

[318] [319] [320] [321] [322] [323] [324]
Missing character: There is no Â in font cmr10!
Missing character: There is no £ in font cmr10!
 [325]
Missing character: There is no Â in font cmr10!
Missing character: There is no £ in font cmr10!
 [326] [327] [328] [329]
[330] [331] [332] [333] [334] [335] [336] [337] [338]
Missing character: There is no Â in font cmr10!
Missing character: There is no £ in font cmr10!
Missing character: There is no Â in font cmr10!
Missing character: There is no £ in font cmr10!
Missing character: There is no Â in font cmr10!
Missing character: There is no £ in font cmr10!
 [339] [340] [341]
[342] [343] [344] [345] [346] [347] [348] [349] [350] [351] [352] [353]
[354] [355] [356] [357] [358] [359] [360] [361] [362] [363] [364] [365]
[366] [367] [368]
Underfull \vbox (badness 1082) has occurred while \output is active []

 [369]
[370] [371

] [372] [373] [374] [375] [376] [377] [378] [379] [380]
Overfull \hbox (2.306pt too wide) in paragraph at lines 3680--3681
[]\OT1/cmr/m/n/10 There is one piece of hard ev-i-dence how-ever, which does no
t rely on computer-
 []

[381] [382] [383] [384]
Missing character: There is no Â in font cmr10!
Missing character: There is no £ in font cmr10!
 [385] [386] [387] [388] [389] [390] [391]
Overfull \hbox (1.5005pt too wide) in paragraph at lines 3795--3796
[]\OT1/cmr/m/n/10 The speak-ers for the two ma-jor re-tail-ers, Tesco and Mc-Do
n-ald's, also adopted
 []

[392]
Underfull \vbox (badness 1082) has occurred while \output is active []

 [393]
[394] [395] [396] [397] [398] [399] [400] [401]
Missing character: There is no Â in font cmr10!
Missing character: There is no £ in font cmr10!
 [402] [403]
Missing character: There is no Â in font cmr10!
Missing character: There is no £ in font cmr10!
Missing character: There is no Â in font cmr10!
Missing character: There is no £ in font cmr10!
Missing character: There is no Â in font cmr10!
Missing character: There is no £ in font cmr10!
Missing character: There is no Â in font cmr10!
Missing character: There is no £ in font cmr10!
Missing character: There is no Ã in font cmr10!
Missing character: There is no © in font cmr10!
 [404]
Missing character: There is no Â in font cmr10!
Missing character: There is no £ in font cmr10!
Missing character: There is no Â in font cmr10!
Missing character: There is no £ in font cmr10!
 [405]
[406]
Underfull \vbox (badness 1082) has occurred while \output is active []

 [407]
[408] [409] [410] [411]
Missing character: There is no Â in font cmr10!
Missing character: There is no £ in font cmr10!
 [412] [413] [414] [415] [416] [417]
Underfull \vbox (badness 1082) has occurred while \output is active []

 [418]
Missing character: There is no Â in font cmr10!
Missing character: There is no £ in font cmr10!

[419]
Overfull \hbox (7.05624pt too wide) in paragraph at lines 4075--4076
\OT1/cmr/m/n/10 vaccine-producing com-pany at Pir-bright, by a se-nior em-ploye
e, Dun-can Fawthrop,
 []

[420]
Underfull \vbox (badness 1082) has occurred while \output is active []

 [421]
[422]
Underfull \vbox (badness 1082) has occurred while \output is active []

 [423]
[424] [425]
Overfull \hbox (1.2784pt too wide) in paragraph at lines 4123--4124
[]\OT1/cmr/m/n/10 Challenging the multi-na-tion-als en-bloc is a point-less ex-
er-cise, but con-fronting
 []

[426] [427] [428] [429] [430] [431] [432] [433] [434] [435]
Missing character: There is no Â in font cmr10!
Missing character: There is no £ in font cmr10!
Missing character: There is no Â in font cmr10!
Missing character: There is no £ in font cmr10!
Missing character: There is no Â in font cmr10!
Missing character: There is no £ in font cmr10!
 [436]
Underfull \vbox (badness 1082) has occurred while \output is active []

 [437]
[438] [439] [440] [441]
Missing character: There is no Â in font cmr10!
Missing character: There is no £ in font cmr10!
Missing character: There is no Â in font cmr10!
Missing character: There is no £ in font cmr10!
 [442]
Missing character: There is no Â in font cmr10!
Missing character: There is no £ in font cmr10!
 [443] [444] [445]
Missing character: There is no Â in font cmr10!
Missing character: There is no £ in font cmr10!
 [446]
Missing character: There is no Â in font cmr10!
Missing character: There is no £ in font cmr10!
Missing character: There is no Â in font cmr10!
Missing character: There is no £ in font cmr10!
Missing character: There is no Â in font cmr10!
Missing character: There is no £ in font cmr10!
 [447

] [448]
Missing character: There is no Â in font cmr10!
Missing character: There is no £ in font cmr10!

Underfull \vbox (badness 1082) has occurred while \output is active []

 [449]
Missing character: There is no Â in font cmr10!
Missing character: There is no £ in font cmr10!

[450] [451]
Underfull \vbox (badness 1082) has occurred while \output is active []

 [452]
[453] [454]
Missing character: There is no Â in font cmr10!
Missing character: There is no £ in font cmr10!
 [455] [456]
Missing character: There is no Â in font cmr10!
Missing character: There is no £ in font cmr10!
 [457] [458] [459] [460]
Missing character: There is no Â in font cmr10!
Missing character: There is no £ in font cmr10!
 [461] [462] [463] [464]
[465]
Underfull \vbox (badness 1082) has occurred while \output is active []

 [466]
[467] [468] [469]
Missing character: There is no Â in font cmr10!
Missing character: There is no £ in font cmr10!
 [470]
Missing character: There is no Â in font cmr10!
Missing character: There is no £ in font cmr10!
Missing character: There is no Â in font cmr10!
Missing character: There is no £ in font cmr10!
 [471]
Underfull \vbox (badness 1082) has occurred while \output is active []

 [472]
[473]
Missing character: There is no Â in font cmr10!
Missing character: There is no £ in font cmr10!
 [474] [475] [476] [477] [478]
Missing character: There is no Â in font cmbx10!
Missing character: There is no £ in font cmbx10!
 [479]
Missing character: There is no Â in font cmr10!
Missing character: There is no £ in font cmr10!
 [480] [481]
Missing character: There is no Â in font cmr10!
Missing character: There is no £ in font cmr10!
 [482] [483]
Missing character: There is no Â in font cmr10!
Missing character: There is no £ in font cmr10!
 [484]
[485] [486] [487] [488] [489] [490] [491] [492] [493] [494] [495] [496]
[497] [498] [499] [500]
Missing character: There is no Â in font cmr10!
Missing character: There is no £ in font cmr10!
 [501]
Missing character: There is no Â in font cmr10!
Missing character: There is no £ in font cmr10!
 [502] [503] [504] [505] [506] [507] [508]
[509]
Overfull \hbox (4.66724pt too wide) in paragraph at lines 5019--5020
[]\OT1/cmr/m/n/10 Apparently, new reg-u-la-tions gov-ern-ing farm-ers mar-kets 
have re-cently emerged
 []

[510] [511] [512] [513] [514] [515] [516] [517]
Missing character: There is no Â in font cmr10!
Missing character: There is no £ in font cmr10!
Missing character: There is no Â in font cmr10!
Missing character: There is no £ in font cmr10!
 [518] [519] [520] [521]
[522] [523]
Underfull \vbox (badness 1502) has occurred while \output is active []

 [524

]
[525] [526] [527]
Overfull \hbox (4.44391pt too wide) in paragraph at lines 5205--5206
[]\OT1/cmr/m/n/10 You will de-duce from all this that I do not ex-actly ven-er-
ate En-glish hedgerows.
 []

[528] [529] [530] [531] [532] [533] [534] [535] [536] [537] [538] [539]
[540] [541]
Missing character: There is no Â in font cmr10!
Missing character: There is no £ in font cmr10!
 [542] [543] [544] [545] [546] [547]
Missing character: There is no Â in font cmr10!
Missing character: There is no £ in font cmr10!
Missing character: There is no Â in font cmr10!
Missing character: There is no £ in font cmr10!
 [548] [549] [550]
Missing character: There is no Â in font cmr10!
Missing character: There is no £ in font cmr10!
 [551]
Missing character: There is no Â in font cmr10!
Missing character: There is no £ in font cmr10!
Missing character: There is no Â in font cmr10!
Missing character: There is no £ in font cmr10!
Missing character: There is no Â in font cmr10!
Missing character: There is no £ in font cmr10!

[552] [553] [554] [555] [556] [557] [558]
Missing character: There is no Â in font cmr10!
Missing character: There is no £ in font cmr10!
 [559] [560] [561]
Missing character: There is no Â in font cmr10!
Missing character: There is no £ in font cmr10!
 [562] [563]
[564] [565] [566] [567] [568] [569] [570] [571] [572]
\tf@toc=\write4
\openout4 = `book.toc'.

 (./book.aux) ) 
Here is how much of TeX's memory you used:
 11264 strings out of 493013
 206137 string characters out of 6133328
 265727 words of memory out of 5000000
 14840 multiletter control sequences out of 15000+600000
 5760 words of font info for 21 fonts, out of 8000000 for 9000
 1141 hyphenation exceptions out of 8191
 35i,11n,26p,10388b,275s stack positions out of 5000i,500n,10000p,200000b,80000s
</usr/local/texlive/2016/texmf-dist/fonts/type1/public/amsfonts/
cm/cmbx10.pfb></usr/local/texlive/2016/texmf-dist/fonts/type1/public/amsfonts/c
m/cmbx12.pfb></usr/local/texlive/2016/texmf-dist/fonts/type1/public/amsfonts/cm
/cmr10.pfb>
Output written on book.pdf (572 pages, 1669877 bytes).
PDF statistics:
 1860 PDF objects out of 2073 (max. 8388607)
 1270 compressed objects within 13 object streams
 0 named destinations out of 1000 (max. 500000)
 1 words of extra memory for PDF output out of 10000 (max. 10000000)

